[2022-12-03 13:38:18,217][rest_client.py48][INFO]:接口请求的地址>>>http://admin.5istudy.online/login/
[2022-12-03 13:38:18,217][rest_client.py49][INFO]:接口请求的方法>>>POST
[2022-12-03 13:38:18,218][rest_client.py55][INFO]:接口请求的json参数>>>
{
  "username": 17612345677,
  "password": 12345677
}
[2022-12-03 13:38:18,596][response_util.py15][INFO]:接口的返回内容>>>{"token": "eyJ0eXAiOiJKV1QiLCJhbGciOiJIUzI1NiJ9.eyJ1c2VyX2lkIjoxNjI3NTEsInVzZXJuYW1lIjoiMTc2MTIzNDU2NzciLCJleHAiOjE2NzA2NTA2ODUsImVtYWlsIjpudWxsfQ.7kOFfyFvVQ6C4d1xd6JVEducZPSPvzMnGKCQFEDENWc"}
[2022-12-03 13:38:18,665][rest_client.py48][INFO]:接口请求的地址>>>http://admin.5istudy.online/orders/
[2022-12-03 13:38:18,665][rest_client.py49][INFO]:接口请求的方法>>>GET
[2022-12-03 13:38:18,666][rest_client.py59][INFO]:接口请求的请求头参数>>>
{
  "Authorization": "JWT eyJ0eXAiOiJKV1QiLCJhbGciOiJIUzI1NiJ9.eyJ1c2VyX2lkIjoxNjI3NTEsInVzZXJuYW1lIjoiMTc2MTIzNDU2NzciLCJleHAiOjE2NzA2NTA2ODUsImVtYWlsIjpudWxsfQ.7kOFfyFvVQ6C4d1xd6JVEducZPSPvzMnGKCQFEDENWc"
}
[2022-12-03 13:38:18,772][response_util.py15][INFO]:接口的返回内容>>>[]
[2022-12-03 13:38:18,772][mysql_util.py40][INFO]:执行sql：select * from trade_orderinfo where singer_mobile = 17612345677;
[2022-12-03 13:38:18,818][mysql_util.py44][INFO]:sql执行结果：()
[2022-12-03 13:40:00,619][rest_client.py48][INFO]:接口请求的地址>>>http://admin.5istudy.online/login/
[2022-12-03 13:40:00,619][rest_client.py49][INFO]:接口请求的方法>>>POST
[2022-12-03 13:40:00,619][rest_client.py55][INFO]:接口请求的json参数>>>
{
  "username": 17612345677,
  "password": 12345677
}
[2022-12-03 13:40:00,886][response_util.py15][INFO]:接口的返回内容>>>{"token": "eyJ0eXAiOiJKV1QiLCJhbGciOiJIUzI1NiJ9.eyJ1c2VyX2lkIjoxNjI3NTEsInVzZXJuYW1lIjoiMTc2MTIzNDU2NzciLCJleHAiOjE2NzA2NTA3ODcsImVtYWlsIjpudWxsfQ.so28yu8D248X-BJtiHRGA4QxwGtMZ96XR1YRWW7PoV4"}
[2022-12-03 13:40:00,888][rest_client.py48][INFO]:接口请求的地址>>>http://admin.5istudy.online/orders/
[2022-12-03 13:40:00,888][rest_client.py49][INFO]:接口请求的方法>>>GET
[2022-12-03 13:40:00,888][rest_client.py59][INFO]:接口请求的请求头参数>>>
{
  "Authorization": "JWT eyJ0eXAiOiJKV1QiLCJhbGciOiJIUzI1NiJ9.eyJ1c2VyX2lkIjoxNjI3NTEsInVzZXJuYW1lIjoiMTc2MTIzNDU2NzciLCJleHAiOjE2NzA2NTA3ODcsImVtYWlsIjpudWxsfQ.so28yu8D248X-BJtiHRGA4QxwGtMZ96XR1YRWW7PoV4"
}
[2022-12-03 13:40:01,071][response_util.py15][INFO]:接口的返回内容>>>[{"id": 1648, "pay_status": "paying", "order_sn": "2022120313393616275145", "trade_no": null, "pay_time": null, "add_time": "2022-12-03 13:39:36", "alipay_url": "https://openapi.alipaydev.com/gateway.do?app_id=2016101500694258&biz_content=%7B%22subject%22%3A%222022120313393616275145%22%2C%22out_trade_no%22%3A%222022120313393616275145%22%2C%22total_amount%22%3A4995.0%2C%22product_code%22%3A%22FAST_INSTANT_TRADE_PAY%22%7D&charset=utf-8&method=alipay.trade.page.pay&notify_url=http%3A%2F%2Fadmin.5istudy.online%2Falipay%2Freturn%2F&return_url=http%3A%2F%2Fadmin.5istudy.online%2Falipay%2Freturn%2F&sign_type=RSA2&timestamp=2022-12-03+13%3A39%3A47&version=1.0&sign=f%2FHwYjY8KInzukssyk20%2F62qV%2FzTm6p%2BL%2B8JZ6frHGy96dqt6YSFrLq69YSBNzgl0yXU4OFza9Y0FA712n4tz14yBjAXAxJs4l3Pj0JgGtRNaB0W7sVe6lYD812eowYakVrcihXi1jiiMuslVtQH3%2B9N8%2BC29%2Bt%2FL1Z6a09BNej9oEhFrO%2BIPko6zEAQTwF7cTKzlJ7ubj2vben6mtD9T8h5hpHURpes9YBCArqvlyENWjykH3wetSAj8jzsaQn4rLi%2FLcVPYh8KXy0ttTLnLZLfCa7NFlEc5OhsvAvQdjFWcXuUdedr3qipPzw1ISkvIEqia1ByBU572Eeu7O5r7A%3D%3D", "post_script": "5只", "order_mount": 4995.0, "address": "山西省太原市小店区海底路3号", "signer_name": "派大星", "singer_mobile": "17612345677"}]
[2022-12-03 13:40:01,071][mysql_util.py40][INFO]:执行sql：select * from trade_orderinfo where singer_mobile = 17612345677;
[2022-12-03 13:40:01,118][mysql_util.py44][INFO]:sql执行结果：[{'id': 1648, 'order_sn': '2022120313393616275145', 'trade_no': None, 'pay_status': 'paying', 'post_script': '5只', 'order_mount': 4995.0, 'pay_time': None, 'address': '山西省太原市小店区海底路3号', 'signer_name': '派大星', 'singer_mobile': '17612345677', 'add_time': datetime.datetime(2022, 12, 3, 13, 39, 36, 605400), 'user_id': 162751}]
[2022-12-03 14:28:59,763][rest_client.py48][INFO]:接口请求的地址>>>http://admin.5istudy.online/login/
[2022-12-03 14:28:59,770][rest_client.py49][INFO]:接口请求的方法>>>POST
[2022-12-03 14:28:59,770][rest_client.py55][INFO]:接口请求的json参数>>>
{
  "username": 17612345677,
  "password": 12345677
}
[2022-12-03 14:29:00,172][response_util.py15][INFO]:接口的返回内容>>>{"token": "eyJ0eXAiOiJKV1QiLCJhbGciOiJIUzI1NiJ9.eyJ1c2VyX2lkIjoxNjI3NTEsInVzZXJuYW1lIjoiMTc2MTIzNDU2NzciLCJleHAiOjE2NzA2NTM3MjYsImVtYWlsIjpudWxsfQ.D7PMjWJRaYbWk7cuMiXxnR62nkxnv9vsDehqShtoam0"}
[2022-12-03 14:29:00,189][rest_client.py48][INFO]:接口请求的地址>>>http://admin.5istudy.online/orders/
[2022-12-03 14:29:00,189][rest_client.py49][INFO]:接口请求的方法>>>GET
[2022-12-03 14:29:00,190][rest_client.py59][INFO]:接口请求的请求头参数>>>
{
  "Authorization": "JWT eyJ0eXAiOiJKV1QiLCJhbGciOiJIUzI1NiJ9.eyJ1c2VyX2lkIjoxNjI3NTEsInVzZXJuYW1lIjoiMTc2MTIzNDU2NzciLCJleHAiOjE2NzA2NTM3MjYsImVtYWlsIjpudWxsfQ.D7PMjWJRaYbWk7cuMiXxnR62nkxnv9vsDehqShtoam0"
}
[2022-12-03 14:29:00,408][response_util.py15][INFO]:接口的返回内容>>>[{"id": 1648, "pay_status": "paying", "order_sn": "2022120313393616275145", "trade_no": null, "pay_time": null, "add_time": "2022-12-03 13:39:36", "alipay_url": "https://openapi.alipaydev.com/gateway.do?app_id=2016101500694258&biz_content=%7B%22subject%22%3A%222022120313393616275145%22%2C%22out_trade_no%22%3A%222022120313393616275145%22%2C%22total_amount%22%3A4995.0%2C%22product_code%22%3A%22FAST_INSTANT_TRADE_PAY%22%7D&charset=utf-8&method=alipay.trade.page.pay&notify_url=http%3A%2F%2Fadmin.5istudy.online%2Falipay%2Freturn%2F&return_url=http%3A%2F%2Fadmin.5istudy.online%2Falipay%2Freturn%2F&sign_type=RSA2&timestamp=2022-12-03+14%3A28%3A47&version=1.0&sign=nLj7iXWZ3Ks5KD%2BK8INts%2BvTQquXaL%2BfyThBTEjFpU4vJITx9nWkdjD%2Fa6T3bzEWYNE4UYhd16HL%2FB%2FfLQhhnsLGvvJVAMXpCxJA5Wpd6rar%2BzKPuqjHDZNyv5RDf7dFnf9yKvVw97%2BUQNSqQYVKt1BSLtAx46fdUjTHA4ucTr6gfoOKECxf%2FQUW0%2BPtJYHvlgXFD3QBnq4BmvYXA4ngq0k4AdFrx0DVEPxyvuntT7XIm5MU0zJT0KDXTvehbiv%2Fqow6QkrWk2E7BEpR2M49pcr%2Fa9dmWZmmEkUoKbro8Uu39UO9bCcPhJpyEDCtpp%2BiDkoYPT%2BgvquyTJEMyciYuQ%3D%3D", "post_script": "5只", "order_mount": 4995.0, "address": "山西省太原市小店区海底路3号", "signer_name": "派大星", "singer_mobile": "17612345677"}]
[2022-12-03 14:29:00,408][mysql_util.py40][INFO]:执行sql：select * from trade_orderinfo where singer_mobile = 17612345677;
[2022-12-03 14:29:00,446][mysql_util.py44][INFO]:sql执行结果：[{'id': 1648, 'order_sn': '2022120313393616275145', 'trade_no': None, 'pay_status': 'paying', 'post_script': '5只', 'order_mount': 4995.0, 'pay_time': None, 'address': '山西省太原市小店区海底路3号', 'signer_name': '派大星', 'singer_mobile': '17612345677', 'add_time': datetime.datetime(2022, 12, 3, 13, 39, 36, 605400), 'user_id': 162751}]
[2022-12-03 14:34:24,867][rest_client.py48][INFO]:接口请求的地址>>>http://admin.5istudy.online/login/
[2022-12-03 14:34:24,867][rest_client.py49][INFO]:接口请求的方法>>>POST
[2022-12-03 14:34:24,867][rest_client.py55][INFO]:接口请求的json参数>>>
{
  "username": 17612345677,
  "password": 12345677
}
[2022-12-03 14:34:25,130][response_util.py15][INFO]:接口的返回内容>>>{"token": "eyJ0eXAiOiJKV1QiLCJhbGciOiJIUzI1NiJ9.eyJ1c2VyX2lkIjoxNjI3NTEsInVzZXJuYW1lIjoiMTc2MTIzNDU2NzciLCJleHAiOjE2NzA2NTQwNTEsImVtYWlsIjpudWxsfQ.vr2nFSYe-hYEchQ_7tgevLFQWpu_16UOxfhelnxQiCo"}
[2022-12-03 14:34:25,131][mysql_util.py31][INFO]:执行sql：select id from trade_orderinfo where singer_mobile = 17612345677 order by add_time desc limit 1;
[2022-12-03 14:34:25,169][mysql_util.py35][INFO]:sql执行结果：{'id': 1648}
[2022-12-03 14:34:25,169][rest_client.py48][INFO]:接口请求的地址>>>http://admin.5istudy.online/orders/1648/
[2022-12-03 14:34:25,169][rest_client.py49][INFO]:接口请求的方法>>>DELETE
[2022-12-03 14:34:25,169][rest_client.py59][INFO]:接口请求的请求头参数>>>
{
  "Authorization": "JWT eyJ0eXAiOiJKV1QiLCJhbGciOiJIUzI1NiJ9.eyJ1c2VyX2lkIjoxNjI3NTEsInVzZXJuYW1lIjoiMTc2MTIzNDU2NzciLCJleHAiOjE2NzA2NTQwNTEsImVtYWlsIjpudWxsfQ.vr2nFSYe-hYEchQ_7tgevLFQWpu_16UOxfhelnxQiCo"
}
[2022-12-03 15:30:51,448][rest_client.py48][INFO]:接口请求的地址>>>http://admin.5istudy.online/login/
[2022-12-03 15:30:51,449][rest_client.py49][INFO]:接口请求的方法>>>POST
[2022-12-03 15:30:51,449][rest_client.py55][INFO]:接口请求的json参数>>>
{
  "username": 17612345677,
  "password": 12345677
}
[2022-12-03 15:30:51,736][response_util.py15][INFO]:接口的返回内容>>>{"token": "eyJ0eXAiOiJKV1QiLCJhbGciOiJIUzI1NiJ9.eyJ1c2VyX2lkIjoxNjI3NTEsInVzZXJuYW1lIjoiMTc2MTIzNDU2NzciLCJleHAiOjE2NzA2NTc0MzgsImVtYWlsIjpudWxsfQ.ahqQ0v6NO5l_3Ua4brZk7PBJz5CcgcX9tcSn8tIbE28"}
[2022-12-03 15:30:51,758][rest_client.py48][INFO]:接口请求的地址>>>http://admin.5istudy.online/orders/
[2022-12-03 15:30:51,758][rest_client.py49][INFO]:接口请求的方法>>>GET
[2022-12-03 15:30:51,758][rest_client.py59][INFO]:接口请求的请求头参数>>>
{
  "Authorization": "JWT eyJ0eXAiOiJKV1QiLCJhbGciOiJIUzI1NiJ9.eyJ1c2VyX2lkIjoxNjI3NTEsInVzZXJuYW1lIjoiMTc2MTIzNDU2NzciLCJleHAiOjE2NzA2NTc0MzgsImVtYWlsIjpudWxsfQ.ahqQ0v6NO5l_3Ua4brZk7PBJz5CcgcX9tcSn8tIbE28"
}
[2022-12-03 15:30:51,943][response_util.py15][INFO]:接口的返回内容>>>[{"id": 1650, "pay_status": "paying", "order_sn": "2022120315300216275167", "trade_no": null, "pay_time": null, "add_time": "2022-12-03 15:30:02", "alipay_url": "https://openapi.alipaydev.com/gateway.do?app_id=2016101500694258&biz_content=%7B%22subject%22%3A%222022120315300216275167%22%2C%22out_trade_no%22%3A%222022120315300216275167%22%2C%22total_amount%22%3A4995.0%2C%22product_code%22%3A%22FAST_INSTANT_TRADE_PAY%22%7D&charset=utf-8&method=alipay.trade.page.pay&notify_url=http%3A%2F%2Fadmin.5istudy.online%2Falipay%2Freturn%2F&return_url=http%3A%2F%2Fadmin.5istudy.online%2Falipay%2Freturn%2F&sign_type=RSA2&timestamp=2022-12-03+15%3A30%3A38&version=1.0&sign=a%2B2mZ%2FsHUNoKnoDtg8IXMaAz2fmt%2BbyzZjR2IHcLgJt5v0Vz%2FkYvF45TfPiyHV7GssSgQu3slpXYZe9OpgNe10yF1ZwdLRpp%2B7M3qTU3i3GUp0AaaRO2xmkV5lM91llXRgHCIwckdDFo8MdISjh9E%2Bl%2BMJ1%2BsQxYpSRM1fe1tyBS0ABT%2B3y%2FJjpGp9k2YgB2ySh3FRx0iCkEfEq5KK%2Fh7zDzEs50S9jrw%2FEBWe%2B4tcV6s5kCZdVAKYRl0T4pWS%2B3G6nHNPwKdit1pqpHtw2H4TiOmTqj1gHNr0a1reEBmkSMV2h24xeOKy1tFsu0m6WEm4yI%2FU2CHvXQn2eOC7%2FyWQ%3D%3D", "post_script": "23456", "order_mount": 4995.0, "address": "山西省太原市小店区海底路3号", "signer_name": "派大星", "singer_mobile": "17612345677"}]
[2022-12-03 15:30:51,943][mysql_util.py40][INFO]:执行sql：select * from trade_orderinfo where singer_mobile = 17612345677;
[2022-12-03 15:30:51,989][mysql_util.py44][INFO]:sql执行结果：[{'id': 1650, 'order_sn': '2022120315300216275167', 'trade_no': None, 'pay_status': 'paying', 'post_script': '23456', 'order_mount': 4995.0, 'pay_time': None, 'address': '山西省太原市小店区海底路3号', 'signer_name': '派大星', 'singer_mobile': '17612345677', 'add_time': datetime.datetime(2022, 12, 3, 15, 30, 2, 696957), 'user_id': 162751}]
[2022-12-03 15:30:58,456][rest_client.py48][INFO]:接口请求的地址>>>http://admin.5istudy.online/login/
[2022-12-03 15:30:58,456][rest_client.py49][INFO]:接口请求的方法>>>POST
[2022-12-03 15:30:58,457][rest_client.py55][INFO]:接口请求的json参数>>>
{
  "username": 17612345677,
  "password": 12345677
}
[2022-12-03 15:30:58,702][response_util.py15][INFO]:接口的返回内容>>>{"token": "eyJ0eXAiOiJKV1QiLCJhbGciOiJIUzI1NiJ9.eyJ1c2VyX2lkIjoxNjI3NTEsInVzZXJuYW1lIjoiMTc2MTIzNDU2NzciLCJleHAiOjE2NzA2NTc0NDUsImVtYWlsIjpudWxsfQ.nVi494Z3yKm2ENL-Iz_4MMRVKqjWaje2nXy9C-JYoKo"}
[2022-12-03 15:30:58,703][mysql_util.py31][INFO]:执行sql：select id from trade_orderinfo where singer_mobile = 17612345677 order by add_time desc limit 1;
[2022-12-03 15:30:58,746][mysql_util.py35][INFO]:sql执行结果：{'id': 1650}
[2022-12-03 15:30:58,747][rest_client.py48][INFO]:接口请求的地址>>>http://admin.5istudy.online/orders/1650/
[2022-12-03 15:30:58,747][rest_client.py49][INFO]:接口请求的方法>>>DELETE
[2022-12-03 15:30:58,747][rest_client.py59][INFO]:接口请求的请求头参数>>>
{
  "Authorization": "JWT eyJ0eXAiOiJKV1QiLCJhbGciOiJIUzI1NiJ9.eyJ1c2VyX2lkIjoxNjI3NTEsInVzZXJuYW1lIjoiMTc2MTIzNDU2NzciLCJleHAiOjE2NzA2NTc0NDUsImVtYWlsIjpudWxsfQ.nVi494Z3yKm2ENL-Iz_4MMRVKqjWaje2nXy9C-JYoKo"
}
[2022-12-03 15:41:13,752][rest_client.py48][INFO]:接口请求的地址>>>http://admin.5istudy.online/login/
[2022-12-03 15:41:13,753][rest_client.py49][INFO]:接口请求的方法>>>POST
[2022-12-03 15:41:13,753][rest_client.py55][INFO]:接口请求的json参数>>>
{
  "username": 17612345677,
  "password": 12345677
}
[2022-12-03 15:41:14,009][response_util.py15][INFO]:接口的返回内容>>>{"token": "eyJ0eXAiOiJKV1QiLCJhbGciOiJIUzI1NiJ9.eyJ1c2VyX2lkIjoxNjI3NTEsInVzZXJuYW1lIjoiMTc2MTIzNDU2NzciLCJleHAiOjE2NzA2NTgwNjAsImVtYWlsIjpudWxsfQ.ZTHVSAi2kciGU22PiEX2h2meARUZzPjkIdvvvR1DBKM"}
[2022-12-03 15:41:14,010][rest_client.py48][INFO]:接口请求的地址>>>http://admin.5istudy.online/orders/
[2022-12-03 15:41:14,011][rest_client.py49][INFO]:接口请求的方法>>>GET
[2022-12-03 15:41:14,011][rest_client.py59][INFO]:接口请求的请求头参数>>>
{
  "Authorization": "JWT eyJ0eXAiOiJKV1QiLCJhbGciOiJIUzI1NiJ9.eyJ1c2VyX2lkIjoxNjI3NTEsInVzZXJuYW1lIjoiMTc2MTIzNDU2NzciLCJleHAiOjE2NzA2NTgwNjAsImVtYWlsIjpudWxsfQ.ZTHVSAi2kciGU22PiEX2h2meARUZzPjkIdvvvR1DBKM"
}
[2022-12-03 15:41:14,109][response_util.py15][INFO]:接口的返回内容>>>[]
[2022-12-03 15:41:14,110][mysql_util.py40][INFO]:执行sql：select * from trade_orderinfo where singer_mobile = 17612345677;
[2022-12-03 15:41:14,152][mysql_util.py44][INFO]:sql执行结果：()
[2022-12-03 15:43:07,423][rest_client.py48][INFO]:接口请求的地址>>>http://admin.5istudy.online/login/
[2022-12-03 15:43:07,423][rest_client.py49][INFO]:接口请求的方法>>>POST
[2022-12-03 15:43:07,424][rest_client.py55][INFO]:接口请求的json参数>>>
{
  "username": 17612345677,
  "password": 12345677
}
[2022-12-03 15:43:07,664][response_util.py15][INFO]:接口的返回内容>>>{"token": "eyJ0eXAiOiJKV1QiLCJhbGciOiJIUzI1NiJ9.eyJ1c2VyX2lkIjoxNjI3NTEsInVzZXJuYW1lIjoiMTc2MTIzNDU2NzciLCJleHAiOjE2NzA2NTgxNzQsImVtYWlsIjpudWxsfQ.rtxngLRzCssCa6Kmkg50QQ-2YgITbjonWcjzjkqq004"}
[2022-12-03 15:43:07,666][rest_client.py48][INFO]:接口请求的地址>>>http://admin.5istudy.online/orders/
[2022-12-03 15:43:07,666][rest_client.py49][INFO]:接口请求的方法>>>GET
[2022-12-03 15:43:07,666][rest_client.py59][INFO]:接口请求的请求头参数>>>
{
  "Authorization": "JWT eyJ0eXAiOiJKV1QiLCJhbGciOiJIUzI1NiJ9.eyJ1c2VyX2lkIjoxNjI3NTEsInVzZXJuYW1lIjoiMTc2MTIzNDU2NzciLCJleHAiOjE2NzA2NTgxNzQsImVtYWlsIjpudWxsfQ.rtxngLRzCssCa6Kmkg50QQ-2YgITbjonWcjzjkqq004"
}
[2022-12-03 15:43:07,858][response_util.py15][INFO]:接口的返回内容>>>[{"id": 1651, "pay_status": "paying", "order_sn": "2022120315423616275122", "trade_no": null, "pay_time": null, "add_time": "2022-12-03 15:42:36", "alipay_url": "https://openapi.alipaydev.com/gateway.do?app_id=2016101500694258&biz_content=%7B%22subject%22%3A%222022120315423616275122%22%2C%22out_trade_no%22%3A%222022120315423616275122%22%2C%22total_amount%22%3A4995.0%2C%22product_code%22%3A%22FAST_INSTANT_TRADE_PAY%22%7D&charset=utf-8&method=alipay.trade.page.pay&notify_url=http%3A%2F%2Fadmin.5istudy.online%2Falipay%2Freturn%2F&return_url=http%3A%2F%2Fadmin.5istudy.online%2Falipay%2Freturn%2F&sign_type=RSA2&timestamp=2022-12-03+15%3A42%3A54&version=1.0&sign=L%2Bit%2BdgTtapkNDbNFL0dpsY6LD8d4edTwriXBSG1V5o%2FvS9vcAbhVjsG1vhuiHEzEUJxHrmaPaGPR2S4yGmjx4V0CfXzAZp5bu%2FqUX2qUAyMWRvECvqwnZNnZf%2B8Fuf%2Bos0In1nsw1EFG9EITlDfuVK1838yj4V3HVK3qksCSs0D%2F2V8w15CgE7rdB%2FcEXBZFCSYgMqo7Sn%2F5GZyY6ZGQj3QYaOe%2FLwBcxpsttpK4rCDpLQsBanf0mMQ0Fao6lePNZ%2BpHTflfK1cT%2B2kSXDfSEZKWxXaVuQHS3DdrWNdS16S0OpVJw8EjEY%2FNzYIrU3dwpYV4RGLJvBPZMUz%2B4Lw9g%3D%3D", "post_script": "786", "order_mount": 4995.0, "address": "山西省太原市小店区海底路3号", "signer_name": "派大星", "singer_mobile": "17612345677"}]
[2022-12-03 15:43:07,858][mysql_util.py40][INFO]:执行sql：select * from trade_orderinfo where singer_mobile = 17612345677;
[2022-12-03 15:43:07,902][mysql_util.py44][INFO]:sql执行结果：[{'id': 1651, 'order_sn': '2022120315423616275122', 'trade_no': None, 'pay_status': 'paying', 'post_script': '786', 'order_mount': 4995.0, 'pay_time': None, 'address': '山西省太原市小店区海底路3号', 'signer_name': '派大星', 'singer_mobile': '17612345677', 'add_time': datetime.datetime(2022, 12, 3, 15, 42, 36, 495861), 'user_id': 162751}]
[2022-12-03 15:43:15,282][rest_client.py48][INFO]:接口请求的地址>>>http://admin.5istudy.online/login/
[2022-12-03 15:43:15,283][rest_client.py49][INFO]:接口请求的方法>>>POST
[2022-12-03 15:43:15,283][rest_client.py55][INFO]:接口请求的json参数>>>
{
  "username": 17612345677,
  "password": 12345677
}
[2022-12-03 15:43:15,506][response_util.py15][INFO]:接口的返回内容>>>{"token": "eyJ0eXAiOiJKV1QiLCJhbGciOiJIUzI1NiJ9.eyJ1c2VyX2lkIjoxNjI3NTEsInVzZXJuYW1lIjoiMTc2MTIzNDU2NzciLCJleHAiOjE2NzA2NTgxODIsImVtYWlsIjpudWxsfQ._WvvwFi5pgK8t9_FBXGF0XV9XQwfRjDDowVYuwXp4TM"}
[2022-12-03 15:43:15,507][mysql_util.py31][INFO]:执行sql：select id from trade_orderinfo where singer_mobile = 17612345677 order by add_time desc limit 1;
[2022-12-03 15:43:15,548][mysql_util.py35][INFO]:sql执行结果：{'id': 1651}
[2022-12-03 15:43:15,548][rest_client.py48][INFO]:接口请求的地址>>>http://admin.5istudy.online/orders/1651/
[2022-12-03 15:43:15,549][rest_client.py49][INFO]:接口请求的方法>>>DELETE
[2022-12-03 15:43:15,549][rest_client.py59][INFO]:接口请求的请求头参数>>>
{
  "Authorization": "JWT eyJ0eXAiOiJKV1QiLCJhbGciOiJIUzI1NiJ9.eyJ1c2VyX2lkIjoxNjI3NTEsInVzZXJuYW1lIjoiMTc2MTIzNDU2NzciLCJleHAiOjE2NzA2NTgxODIsImVtYWlsIjpudWxsfQ._WvvwFi5pgK8t9_FBXGF0XV9XQwfRjDDowVYuwXp4TM"
}
[2022-12-03 15:57:39,123][rest_client.py48][INFO]:接口请求的地址>>>http://admin.5istudy.online/login/
[2022-12-03 15:57:39,124][rest_client.py49][INFO]:接口请求的方法>>>POST
[2022-12-03 15:57:39,124][rest_client.py55][INFO]:接口请求的json参数>>>
{
  "username": 17612345677,
  "password": 12345677
}
[2022-12-03 15:57:39,362][response_util.py18][INFO]:接口的返回内容>>>{"token": "eyJ0eXAiOiJKV1QiLCJhbGciOiJIUzI1NiJ9.eyJ1c2VyX2lkIjoxNjI3NTEsInVzZXJuYW1lIjoiMTc2MTIzNDU2NzciLCJleHAiOjE2NzA2NTkwNDYsImVtYWlsIjpudWxsfQ.oDvmzHI8s6PjfexZaF5-SXt8Y2xHoR02H0qKq3yGFQU"}
[2022-12-03 15:57:39,364][mysql_util.py31][INFO]:执行sql：select id from trade_orderinfo where singer_mobile = 17612345677 order by add_time desc limit 1;
[2022-12-03 15:57:39,406][mysql_util.py35][INFO]:sql执行结果：None
[2022-12-03 15:58:59,238][rest_client.py48][INFO]:接口请求的地址>>>http://admin.5istudy.online/login/
[2022-12-03 15:58:59,238][rest_client.py49][INFO]:接口请求的方法>>>POST
[2022-12-03 15:58:59,238][rest_client.py55][INFO]:接口请求的json参数>>>
{
  "username": 17612345677,
  "password": 12345677
}
[2022-12-03 15:58:59,527][response_util.py18][INFO]:接口的返回内容>>>{"token": "eyJ0eXAiOiJKV1QiLCJhbGciOiJIUzI1NiJ9.eyJ1c2VyX2lkIjoxNjI3NTEsInVzZXJuYW1lIjoiMTc2MTIzNDU2NzciLCJleHAiOjE2NzA2NTkxMjYsImVtYWlsIjpudWxsfQ.p6TAciLHvYuDbltFE1omJS3O8p9O_LMjKlEXE8aPbc8"}
[2022-12-03 15:58:59,528][rest_client.py48][INFO]:接口请求的地址>>>http://admin.5istudy.online/orders/
[2022-12-03 15:58:59,529][rest_client.py49][INFO]:接口请求的方法>>>GET
[2022-12-03 15:58:59,529][rest_client.py59][INFO]:接口请求的请求头参数>>>
{
  "Authorization": "JWT eyJ0eXAiOiJKV1QiLCJhbGciOiJIUzI1NiJ9.eyJ1c2VyX2lkIjoxNjI3NTEsInVzZXJuYW1lIjoiMTc2MTIzNDU2NzciLCJleHAiOjE2NzA2NTkxMjYsImVtYWlsIjpudWxsfQ.p6TAciLHvYuDbltFE1omJS3O8p9O_LMjKlEXE8aPbc8"
}
[2022-12-03 15:58:59,723][response_util.py18][INFO]:接口的返回内容>>>[{"id": 1652, "pay_status": "paying", "order_sn": "2022120315581816275148", "trade_no": null, "pay_time": null, "add_time": "2022-12-03 15:58:18", "alipay_url": "https://openapi.alipaydev.com/gateway.do?app_id=2016101500694258&biz_content=%7B%22subject%22%3A%222022120315581816275148%22%2C%22out_trade_no%22%3A%222022120315581816275148%22%2C%22total_amount%22%3A4995.0%2C%22product_code%22%3A%22FAST_INSTANT_TRADE_PAY%22%7D&charset=utf-8&method=alipay.trade.page.pay&notify_url=http%3A%2F%2Fadmin.5istudy.online%2Falipay%2Freturn%2F&return_url=http%3A%2F%2Fadmin.5istudy.online%2Falipay%2Freturn%2F&sign_type=RSA2&timestamp=2022-12-03+15%3A58%3A46&version=1.0&sign=cygcZJ2cpSXhb2mZfW%2Bl%2B4zYseMfoIFczNAbGrIlCPJ9R0wnWEs9%2BHrQcBkWj36KK72oKlYIbtdu4hZnFNYiIXXIf83oMY%2B86La%2BanQ03OoG8B0xlmbSWMYMEkju5AwN%2FGj1D1hSpabcy2dgi64i3VLscDMm%2Falu%2BGdQjfvfZr93N7L4y%2BUUdwWJUcInRHwGFvktKHVH6st53d7KF%2BOohcGcjYYnyG9LrUpEHRmRdAuAKqvexb4B%2BmY0aFgE299VCV%2FBRLPUAgSAGsxpMDUVd5bR%2FHnLB3UahwkfKGJFEz0S2d8F6lN1IhaCKNt2AcCaw9V%2F3iOnuwJ748QvYDPRww%3D%3D", "post_script": "123", "order_mount": 4995.0, "address": "山西省太原市小店区海底路3号", "signer_name": "派大星", "singer_mobile": "17612345677"}]
[2022-12-03 15:58:59,724][mysql_util.py40][INFO]:执行sql：select * from trade_orderinfo where singer_mobile = 17612345677;
[2022-12-03 15:58:59,765][mysql_util.py44][INFO]:sql执行结果：[{'id': 1652, 'order_sn': '2022120315581816275148', 'trade_no': None, 'pay_status': 'paying', 'post_script': '123', 'order_mount': 4995.0, 'pay_time': None, 'address': '山西省太原市小店区海底路3号', 'signer_name': '派大星', 'singer_mobile': '17612345677', 'add_time': datetime.datetime(2022, 12, 3, 15, 58, 18, 877378), 'user_id': 162751}]
[2022-12-03 15:59:04,802][rest_client.py48][INFO]:接口请求的地址>>>http://admin.5istudy.online/login/
[2022-12-03 15:59:04,802][rest_client.py49][INFO]:接口请求的方法>>>POST
[2022-12-03 15:59:04,803][rest_client.py55][INFO]:接口请求的json参数>>>
{
  "username": 17612345677,
  "password": 12345677
}
[2022-12-03 15:59:05,038][response_util.py18][INFO]:接口的返回内容>>>{"token": "eyJ0eXAiOiJKV1QiLCJhbGciOiJIUzI1NiJ9.eyJ1c2VyX2lkIjoxNjI3NTEsInVzZXJuYW1lIjoiMTc2MTIzNDU2NzciLCJleHAiOjE2NzA2NTkxMzEsImVtYWlsIjpudWxsfQ.beaYd7BKn7CD49aUj-UYepM_k3D1XX9WgqdRyEIKswo"}
[2022-12-03 15:59:05,040][mysql_util.py31][INFO]:执行sql：select id from trade_orderinfo where singer_mobile = 17612345677 order by add_time desc limit 1;
[2022-12-03 15:59:05,077][mysql_util.py35][INFO]:sql执行结果：{'id': 1652}
[2022-12-03 15:59:05,077][rest_client.py48][INFO]:接口请求的地址>>>http://admin.5istudy.online/orders/1652/
[2022-12-03 15:59:05,077][rest_client.py49][INFO]:接口请求的方法>>>DELETE
[2022-12-03 15:59:05,077][rest_client.py59][INFO]:接口请求的请求头参数>>>
{
  "Authorization": "JWT eyJ0eXAiOiJKV1QiLCJhbGciOiJIUzI1NiJ9.eyJ1c2VyX2lkIjoxNjI3NTEsInVzZXJuYW1lIjoiMTc2MTIzNDU2NzciLCJleHAiOjE2NzA2NTkxMzEsImVtYWlsIjpudWxsfQ.beaYd7BKn7CD49aUj-UYepM_k3D1XX9WgqdRyEIKswo"
}
[2022-12-03 15:59:58,580][rest_client.py48][INFO]:接口请求的地址>>>http://admin.5istudy.online/login/
[2022-12-03 15:59:58,580][rest_client.py49][INFO]:接口请求的方法>>>POST
[2022-12-03 15:59:58,580][rest_client.py55][INFO]:接口请求的json参数>>>
{
  "username": 17612345677,
  "password": 12345677
}
[2022-12-03 15:59:58,816][response_util.py18][INFO]:接口的返回内容>>>{"token": "eyJ0eXAiOiJKV1QiLCJhbGciOiJIUzI1NiJ9.eyJ1c2VyX2lkIjoxNjI3NTEsInVzZXJuYW1lIjoiMTc2MTIzNDU2NzciLCJleHAiOjE2NzA2NTkxODUsImVtYWlsIjpudWxsfQ.J8Pippx35Z0k-lFcSqOtQ6v34oxbLYs3UK83xhS5U3c"}
[2022-12-03 15:59:58,818][mysql_util.py31][INFO]:执行sql：select id from trade_orderinfo where singer_mobile = 17612345677 order by add_time desc limit 1;
[2022-12-03 15:59:58,859][mysql_util.py35][INFO]:sql执行结果：None
[2022-12-03 16:02:10,192][rest_client.py48][INFO]:接口请求的地址>>>http://admin.5istudy.online/login/
[2022-12-03 16:02:10,193][rest_client.py49][INFO]:接口请求的方法>>>POST
[2022-12-03 16:02:10,193][rest_client.py55][INFO]:接口请求的json参数>>>
{
  "username": 17612345677,
  "password": 12345677
}
[2022-12-03 16:02:10,426][response_util.py32][INFO]:接口的返回内容>>>{"token": "eyJ0eXAiOiJKV1QiLCJhbGciOiJIUzI1NiJ9.eyJ1c2VyX2lkIjoxNjI3NTEsInVzZXJuYW1lIjoiMTc2MTIzNDU2NzciLCJleHAiOjE2NzA2NTkzMTcsImVtYWlsIjpudWxsfQ.0k_RJdGxLuPPlbktcmTyTwjbKXVGB4iMitVoCLF6hcQ"}
[2022-12-03 16:02:10,428][rest_client.py48][INFO]:接口请求的地址>>>http://admin.5istudy.online/orders/
[2022-12-03 16:02:10,428][rest_client.py49][INFO]:接口请求的方法>>>GET
[2022-12-03 16:02:10,428][rest_client.py59][INFO]:接口请求的请求头参数>>>
{
  "Authorization": "JWT eyJ0eXAiOiJKV1QiLCJhbGciOiJIUzI1NiJ9.eyJ1c2VyX2lkIjoxNjI3NTEsInVzZXJuYW1lIjoiMTc2MTIzNDU2NzciLCJleHAiOjE2NzA2NTkzMTcsImVtYWlsIjpudWxsfQ.0k_RJdGxLuPPlbktcmTyTwjbKXVGB4iMitVoCLF6hcQ"
}
[2022-12-03 16:02:10,610][response_util.py32][INFO]:接口的返回内容>>>[{"id": 1653, "pay_status": "paying", "order_sn": "2022120316014216275120", "trade_no": null, "pay_time": null, "add_time": "2022-12-03 16:01:42", "alipay_url": "https://openapi.alipaydev.com/gateway.do?app_id=2016101500694258&biz_content=%7B%22subject%22%3A%222022120316014216275120%22%2C%22out_trade_no%22%3A%222022120316014216275120%22%2C%22total_amount%22%3A4995.0%2C%22product_code%22%3A%22FAST_INSTANT_TRADE_PAY%22%7D&charset=utf-8&method=alipay.trade.page.pay&notify_url=http%3A%2F%2Fadmin.5istudy.online%2Falipay%2Freturn%2F&return_url=http%3A%2F%2Fadmin.5istudy.online%2Falipay%2Freturn%2F&sign_type=RSA2&timestamp=2022-12-03+16%3A01%3A57&version=1.0&sign=DrkDBbC02uzKV9nhgtX2nXhyVdVMZQWGU3RAmaF%2BXh7FCOPMCc%2B3O%2BzaT8RtpFBgn18K%2BLIHE8VS03x9Epv1gX0iWwcD0K9FV5vDfJe1gIrU6MsJS0d34SyurPFA9MPcFZivLMIHvqZbNyAJsYY2BMrXggvk8XBWyz%2FjaMp9cm9EADGejei%2FBpJhVRbGYOPsCvugA3wu8yfXb%2BQOW%2BxuwGsPZWn0B2mA59MSK%2B1eUdOtygywhvKXv8KcGojDMoZBrTr9oenll2cnoZncBBOEa4ErwXreTYb7l4qhJguP9yL9%2BBYMATPgDtyaRw0oPBLwI7OEiyzL%2BJUT6DMI82wNdA%3D%3D", "post_script": "123", "order_mount": 4995.0, "address": "山西省太原市小店区海底路3号", "signer_name": "派大星", "singer_mobile": "17612345677"}]
[2022-12-03 16:02:10,611][mysql_util.py40][INFO]:执行sql：select * from trade_orderinfo where singer_mobile = 17612345677;
[2022-12-03 16:02:10,659][mysql_util.py44][INFO]:sql执行结果：[{'id': 1653, 'order_sn': '2022120316014216275120', 'trade_no': None, 'pay_status': 'paying', 'post_script': '123', 'order_mount': 4995.0, 'pay_time': None, 'address': '山西省太原市小店区海底路3号', 'signer_name': '派大星', 'singer_mobile': '17612345677', 'add_time': datetime.datetime(2022, 12, 3, 16, 1, 42, 285955), 'user_id': 162751}]
[2022-12-03 16:02:14,595][rest_client.py48][INFO]:接口请求的地址>>>http://admin.5istudy.online/login/
[2022-12-03 16:02:14,595][rest_client.py49][INFO]:接口请求的方法>>>POST
[2022-12-03 16:02:14,595][rest_client.py55][INFO]:接口请求的json参数>>>
{
  "username": 17612345677,
  "password": 12345677
}
[2022-12-03 16:02:14,817][response_util.py32][INFO]:接口的返回内容>>>{"token": "eyJ0eXAiOiJKV1QiLCJhbGciOiJIUzI1NiJ9.eyJ1c2VyX2lkIjoxNjI3NTEsInVzZXJuYW1lIjoiMTc2MTIzNDU2NzciLCJleHAiOjE2NzA2NTkzMjEsImVtYWlsIjpudWxsfQ.GD15t23boAZZWpVRE-ejsolBPKtYwbTlXLjZEyHl1T8"}
[2022-12-03 16:02:14,818][mysql_util.py31][INFO]:执行sql：select id from trade_orderinfo where singer_mobile = 17612345677 order by add_time desc limit 1;
[2022-12-03 16:02:14,856][mysql_util.py35][INFO]:sql执行结果：{'id': 1653}
[2022-12-03 16:02:14,857][rest_client.py48][INFO]:接口请求的地址>>>http://admin.5istudy.online/orders/1653/
[2022-12-03 16:02:14,857][rest_client.py49][INFO]:接口请求的方法>>>DELETE
[2022-12-03 16:02:14,857][rest_client.py59][INFO]:接口请求的请求头参数>>>
{
  "Authorization": "JWT eyJ0eXAiOiJKV1QiLCJhbGciOiJIUzI1NiJ9.eyJ1c2VyX2lkIjoxNjI3NTEsInVzZXJuYW1lIjoiMTc2MTIzNDU2NzciLCJleHAiOjE2NzA2NTkzMjEsImVtYWlsIjpudWxsfQ.GD15t23boAZZWpVRE-ejsolBPKtYwbTlXLjZEyHl1T8"
}
[2022-12-03 16:06:04,730][rest_client.py48][INFO]:接口请求的地址>>>http://admin.5istudy.online/login/
[2022-12-03 16:06:04,730][rest_client.py49][INFO]:接口请求的方法>>>POST
[2022-12-03 16:06:04,730][rest_client.py55][INFO]:接口请求的json参数>>>
{
  "username": 17612345677,
  "password": 12345677
}
[2022-12-03 16:06:04,966][response_util.py11][INFO]:接口的返回内容>>>{"token": "eyJ0eXAiOiJKV1QiLCJhbGciOiJIUzI1NiJ9.eyJ1c2VyX2lkIjoxNjI3NTEsInVzZXJuYW1lIjoiMTc2MTIzNDU2NzciLCJleHAiOjE2NzA2NTk1NTEsImVtYWlsIjpudWxsfQ.5xpEtsbNXwZPqtTV4yQT-uDlTtskh0jhOeFptRCixW8"}
[2022-12-03 16:06:04,968][rest_client.py48][INFO]:接口请求的地址>>>http://admin.5istudy.online/orders/
[2022-12-03 16:06:04,969][rest_client.py49][INFO]:接口请求的方法>>>GET
[2022-12-03 16:06:04,969][rest_client.py59][INFO]:接口请求的请求头参数>>>
{
  "Authorization": "JWT eyJ0eXAiOiJKV1QiLCJhbGciOiJIUzI1NiJ9.eyJ1c2VyX2lkIjoxNjI3NTEsInVzZXJuYW1lIjoiMTc2MTIzNDU2NzciLCJleHAiOjE2NzA2NTk1NTEsImVtYWlsIjpudWxsfQ.5xpEtsbNXwZPqtTV4yQT-uDlTtskh0jhOeFptRCixW8"
}
[2022-12-03 16:06:05,163][response_util.py11][INFO]:接口的返回内容>>>[{"id": 1654, "pay_status": "paying", "order_sn": "2022120316053616275159", "trade_no": null, "pay_time": null, "add_time": "2022-12-03 16:05:36", "alipay_url": "https://openapi.alipaydev.com/gateway.do?app_id=2016101500694258&biz_content=%7B%22subject%22%3A%222022120316053616275159%22%2C%22out_trade_no%22%3A%222022120316053616275159%22%2C%22total_amount%22%3A4995.0%2C%22product_code%22%3A%22FAST_INSTANT_TRADE_PAY%22%7D&charset=utf-8&method=alipay.trade.page.pay&notify_url=http%3A%2F%2Fadmin.5istudy.online%2Falipay%2Freturn%2F&return_url=http%3A%2F%2Fadmin.5istudy.online%2Falipay%2Freturn%2F&sign_type=RSA2&timestamp=2022-12-03+16%3A05%3A51&version=1.0&sign=hjbjHc%2BIPAfSWbFVcVumPPvfnif2vzUiHnuP2K0Orn8zlT4bxi4ER1haAUWzHPfcDhGdDVE3C05SOFKDa9oQfqdV%2Fw%2FSzFI03VEpepXLAFwvW07C6xL%2FKRawC%2BF5NI%2Ff7QwOPnzRBVx%2Bx14B2zZy7lD4ZlSbBGBJbdQ8rsmEvPoUeau6zu4zJvPdn1qoTAFoAiH%2Bq91cwWr%2FlbicEGMGzIoU%2BuB%2FvJ2WycA4ZwRKLnT1dL6MeldYrUjinfZfjlUmiu%2BtcbUuS0zZb1SR3PuTvL0gzeZ15kLrsL0ABgMvuVvAam9GWlM5WXJSbYjmpeA6uQFnH4g5si0wNdmdrvqr8w%3D%3D", "post_script": "1234", "order_mount": 4995.0, "address": "山西省太原市小店区海底路3号", "signer_name": "派大星", "singer_mobile": "17612345677"}]
[2022-12-03 16:06:05,163][mysql_util.py40][INFO]:执行sql：select * from trade_orderinfo where singer_mobile = 17612345677;
[2022-12-03 16:06:05,202][mysql_util.py44][INFO]:sql执行结果：[{'id': 1654, 'order_sn': '2022120316053616275159', 'trade_no': None, 'pay_status': 'paying', 'post_script': '1234', 'order_mount': 4995.0, 'pay_time': None, 'address': '山西省太原市小店区海底路3号', 'signer_name': '派大星', 'singer_mobile': '17612345677', 'add_time': datetime.datetime(2022, 12, 3, 16, 5, 36, 307225), 'user_id': 162751}]
[2022-12-03 16:06:08,373][rest_client.py48][INFO]:接口请求的地址>>>http://admin.5istudy.online/login/
[2022-12-03 16:06:08,373][rest_client.py49][INFO]:接口请求的方法>>>POST
[2022-12-03 16:06:08,373][rest_client.py55][INFO]:接口请求的json参数>>>
{
  "username": 17612345677,
  "password": 12345677
}
[2022-12-03 16:06:08,602][response_util.py11][INFO]:接口的返回内容>>>{"token": "eyJ0eXAiOiJKV1QiLCJhbGciOiJIUzI1NiJ9.eyJ1c2VyX2lkIjoxNjI3NTEsInVzZXJuYW1lIjoiMTc2MTIzNDU2NzciLCJleHAiOjE2NzA2NTk1NTUsImVtYWlsIjpudWxsfQ.C7-vSo0RWSPcK1B9SZEUCNTYfa3We5zVnOWIBDtcN0c"}
[2022-12-03 16:06:08,604][mysql_util.py31][INFO]:执行sql：select id from trade_orderinfo where singer_mobile = 17612345677 order by add_time desc limit 1;
[2022-12-03 16:06:08,649][mysql_util.py35][INFO]:sql执行结果：{'id': 1654}
[2022-12-03 16:06:08,649][rest_client.py48][INFO]:接口请求的地址>>>http://admin.5istudy.online/orders/1654/
[2022-12-03 16:06:08,649][rest_client.py49][INFO]:接口请求的方法>>>DELETE
[2022-12-03 16:06:08,649][rest_client.py59][INFO]:接口请求的请求头参数>>>
{
  "Authorization": "JWT eyJ0eXAiOiJKV1QiLCJhbGciOiJIUzI1NiJ9.eyJ1c2VyX2lkIjoxNjI3NTEsInVzZXJuYW1lIjoiMTc2MTIzNDU2NzciLCJleHAiOjE2NzA2NTk1NTUsImVtYWlsIjpudWxsfQ.C7-vSo0RWSPcK1B9SZEUCNTYfa3We5zVnOWIBDtcN0c"
}
[2022-12-03 16:20:56,001][rest_client.py48][INFO]:接口请求的地址>>>http://admin.5istudy.online/login/
[2022-12-03 16:20:56,001][rest_client.py49][INFO]:接口请求的方法>>>POST
[2022-12-03 16:20:56,002][rest_client.py55][INFO]:接口请求的json参数>>>
{
  "username": 17612345677,
  "password": 12345677
}
[2022-12-03 16:20:56,232][response_util.py15][INFO]:接口的返回内容>>>{"token": "eyJ0eXAiOiJKV1QiLCJhbGciOiJIUzI1NiJ9.eyJ1c2VyX2lkIjoxNjI3NTEsInVzZXJuYW1lIjoiMTc2MTIzNDU2NzciLCJleHAiOjE2NzA2NjA0NDMsImVtYWlsIjpudWxsfQ.aU2zOG6T7Sz446uWCoAhcv2Wta5b_0UP5tOnYbZGdd4"}
[2022-12-03 16:20:56,233][rest_client.py48][INFO]:接口请求的地址>>>http://admin.5istudy.online/orders/
[2022-12-03 16:20:56,233][rest_client.py49][INFO]:接口请求的方法>>>GET
[2022-12-03 16:20:56,233][rest_client.py59][INFO]:接口请求的请求头参数>>>
{
  "Authorization": "JWT eyJ0eXAiOiJKV1QiLCJhbGciOiJIUzI1NiJ9.eyJ1c2VyX2lkIjoxNjI3NTEsInVzZXJuYW1lIjoiMTc2MTIzNDU2NzciLCJleHAiOjE2NzA2NjA0NDMsImVtYWlsIjpudWxsfQ.aU2zOG6T7Sz446uWCoAhcv2Wta5b_0UP5tOnYbZGdd4"
}
[2022-12-03 16:20:56,425][response_util.py15][INFO]:接口的返回内容>>>[{"id": 1658, "pay_status": "paying", "order_sn": "2022120316203616275123", "trade_no": null, "pay_time": null, "add_time": "2022-12-03 16:20:36", "alipay_url": "https://openapi.alipaydev.com/gateway.do?app_id=2016101500694258&biz_content=%7B%22subject%22%3A%222022120316203616275123%22%2C%22out_trade_no%22%3A%222022120316203616275123%22%2C%22total_amount%22%3A999.0%2C%22product_code%22%3A%22FAST_INSTANT_TRADE_PAY%22%7D&charset=utf-8&method=alipay.trade.page.pay&notify_url=http%3A%2F%2Fadmin.5istudy.online%2Falipay%2Freturn%2F&return_url=http%3A%2F%2Fadmin.5istudy.online%2Falipay%2Freturn%2F&sign_type=RSA2&timestamp=2022-12-03+16%3A20%3A43&version=1.0&sign=OuL15INiEZ1CZg44CZgw7mqeJgOMhZ5h3W7wQ4MZ7JfDG7ljtkJtinKp%2BYTEZQTIX%2F3HJKR9UNm717ImZvnAMB66XZbDbjlpsMUxrF%2FsjJ7M0knYG3ytOYt03UHCRJddP6B5Ns4FRuVIcAhWJ%2BF%2FnOrHwgNZfjundT7TNTXczPwUiiQemphALpcvb%2FEItRw1z8v9pD1St%2B%2BAmrbgqrLEYRceffNwf6kPz7C0qIlYN9ZtsCb5qGxzdqZc33oJHuq8iDuObs%2B7CzJPV%2BKKmq85dznwxDF%2FvBghP2x7m4xzq9KNNiyJD39kojl0AS7Fh%2B%2Fc9hC6RYheJ03%2F7uu5CBlURA%3D%3D", "post_script": "123", "order_mount": 999.0, "address": "山西省太原市小店区海底路3号", "signer_name": "派大星", "singer_mobile": "17612345677"}]
[2022-12-03 16:20:56,425][mysql_util.py40][INFO]:执行sql：select * from trade_orderinfo where singer_mobile = 17612345677;
[2022-12-03 16:20:56,465][mysql_util.py44][INFO]:sql执行结果：[{'id': 1658, 'order_sn': '2022120316203616275123', 'trade_no': None, 'pay_status': 'paying', 'post_script': '123', 'order_mount': 999.0, 'pay_time': None, 'address': '山西省太原市小店区海底路3号', 'signer_name': '派大星', 'singer_mobile': '17612345677', 'add_time': datetime.datetime(2022, 12, 3, 16, 20, 36, 594413), 'user_id': 162751}]
[2022-12-03 16:21:01,773][rest_client.py48][INFO]:接口请求的地址>>>http://admin.5istudy.online/login/
[2022-12-03 16:21:01,773][rest_client.py49][INFO]:接口请求的方法>>>POST
[2022-12-03 16:21:01,773][rest_client.py55][INFO]:接口请求的json参数>>>
{
  "username": 17612345677,
  "password": 12345677
}
[2022-12-03 16:21:02,005][response_util.py15][INFO]:接口的返回内容>>>{"token": "eyJ0eXAiOiJKV1QiLCJhbGciOiJIUzI1NiJ9.eyJ1c2VyX2lkIjoxNjI3NTEsInVzZXJuYW1lIjoiMTc2MTIzNDU2NzciLCJleHAiOjE2NzA2NjA0NDgsImVtYWlsIjpudWxsfQ.tMolRAv4-4zj2nLiPLUlo3Eg_iCehLo8_dKS0NOQQsg"}
[2022-12-03 16:21:02,006][mysql_util.py31][INFO]:执行sql：select id from trade_orderinfo where singer_mobile = 17612345677 order by add_time desc limit 1;
[2022-12-03 16:21:02,051][mysql_util.py35][INFO]:sql执行结果：{'id': 1658}
[2022-12-03 16:21:02,051][rest_client.py48][INFO]:接口请求的地址>>>http://admin.5istudy.online/orders/1658/
[2022-12-03 16:21:02,051][rest_client.py49][INFO]:接口请求的方法>>>DELETE
[2022-12-03 16:21:02,051][rest_client.py59][INFO]:接口请求的请求头参数>>>
{
  "Authorization": "JWT eyJ0eXAiOiJKV1QiLCJhbGciOiJIUzI1NiJ9.eyJ1c2VyX2lkIjoxNjI3NTEsInVzZXJuYW1lIjoiMTc2MTIzNDU2NzciLCJleHAiOjE2NzA2NjA0NDgsImVtYWlsIjpudWxsfQ.tMolRAv4-4zj2nLiPLUlo3Eg_iCehLo8_dKS0NOQQsg"
}
[2022-12-03 16:21:02,160][response_util.py11][INFO]:接口的返回内容>>>
[2022-12-03 16:22:56,640][rest_client.py48][INFO]:接口请求的地址>>>http://admin.5istudy.online/login/
[2022-12-03 16:22:56,640][rest_client.py49][INFO]:接口请求的方法>>>POST
[2022-12-03 16:22:56,640][rest_client.py55][INFO]:接口请求的json参数>>>
{
  "username": 17612345677,
  "password": 12345677
}
[2022-12-03 16:23:16,456][rest_client.py48][INFO]:接口请求的地址>>>http://admin.5istudy.online/login/
[2022-12-03 16:23:16,456][rest_client.py49][INFO]:接口请求的方法>>>POST
[2022-12-03 16:23:16,456][rest_client.py55][INFO]:接口请求的json参数>>>
{
  "username": 17612345677,
  "password": 12345677
}
[2022-12-03 16:23:16,689][response_util.py20][INFO]:接口的返回内容>>>{"token": "eyJ0eXAiOiJKV1QiLCJhbGciOiJIUzI1NiJ9.eyJ1c2VyX2lkIjoxNjI3NTEsInVzZXJuYW1lIjoiMTc2MTIzNDU2NzciLCJleHAiOjE2NzA2NjA1ODMsImVtYWlsIjpudWxsfQ.Y7iAW51QvITSUuC4sK98DrkzrHHdkQkxucr_xydRc5E"}
[2022-12-03 16:23:16,690][rest_client.py48][INFO]:接口请求的地址>>>http://admin.5istudy.online/orders/
[2022-12-03 16:23:16,690][rest_client.py49][INFO]:接口请求的方法>>>GET
[2022-12-03 16:23:16,690][rest_client.py59][INFO]:接口请求的请求头参数>>>
{
  "Authorization": "JWT eyJ0eXAiOiJKV1QiLCJhbGciOiJIUzI1NiJ9.eyJ1c2VyX2lkIjoxNjI3NTEsInVzZXJuYW1lIjoiMTc2MTIzNDU2NzciLCJleHAiOjE2NzA2NjA1ODMsImVtYWlsIjpudWxsfQ.Y7iAW51QvITSUuC4sK98DrkzrHHdkQkxucr_xydRc5E"
}
[2022-12-03 16:23:16,887][response_util.py20][INFO]:接口的返回内容>>>[{"id": 1659, "pay_status": "paying", "order_sn": "2022120316223216275112", "trade_no": null, "pay_time": null, "add_time": "2022-12-03 16:22:32", "alipay_url": "https://openapi.alipaydev.com/gateway.do?app_id=2016101500694258&biz_content=%7B%22subject%22%3A%222022120316223216275112%22%2C%22out_trade_no%22%3A%222022120316223216275112%22%2C%22total_amount%22%3A999.0%2C%22product_code%22%3A%22FAST_INSTANT_TRADE_PAY%22%7D&charset=utf-8&method=alipay.trade.page.pay&notify_url=http%3A%2F%2Fadmin.5istudy.online%2Falipay%2Freturn%2F&return_url=http%3A%2F%2Fadmin.5istudy.online%2Falipay%2Freturn%2F&sign_type=RSA2&timestamp=2022-12-03+16%3A23%3A03&version=1.0&sign=VKUt5V%2B69HpvYjxFwoJmRKm4%2BsvRspink9Nm8EhIH5xBsDLC8BUEcNgeOTryEDuytgvyfWlk4Frcf14eg%2F9lQKizXkHzQdKL4WXrAdSp528z3QfHHjYPBMDxd3o%2B3kdnFBiCa2e8%2FW0lRwYXqEhxZv2hwR2UY58AhuhkdFs7MNXynQN%2BzR4kwUsCLAZ1F1avXfsXFSWXQQIQhFUCEoTnEpYwFTModLFGzIhI21zKXFeyM6nuGlvntXRFxjYZKfIZFuy1mhZydELj1RGMmUn3N8TFACRjI%2FXpibqj%2BodQ8h1wr1U9Anw654IhdhZ2%2B8JJBk26Muf1jiWfawivgkZv6Q%3D%3D", "post_script": "1", "order_mount": 999.0, "address": "山西省太原市小店区海底路3号", "signer_name": "派大星", "singer_mobile": "17612345677"}]
[2022-12-03 16:23:16,888][mysql_util.py40][INFO]:执行sql：select * from trade_orderinfo where singer_mobile = 17612345677;
[2022-12-03 16:23:16,927][mysql_util.py44][INFO]:sql执行结果：[{'id': 1659, 'order_sn': '2022120316223216275112', 'trade_no': None, 'pay_status': 'paying', 'post_script': '1', 'order_mount': 999.0, 'pay_time': None, 'address': '山西省太原市小店区海底路3号', 'signer_name': '派大星', 'singer_mobile': '17612345677', 'add_time': datetime.datetime(2022, 12, 3, 16, 22, 32, 809094), 'user_id': 162751}]
[2022-12-03 16:23:21,371][rest_client.py48][INFO]:接口请求的地址>>>http://admin.5istudy.online/login/
[2022-12-03 16:23:21,371][rest_client.py49][INFO]:接口请求的方法>>>POST
[2022-12-03 16:23:21,371][rest_client.py55][INFO]:接口请求的json参数>>>
{
  "username": 17612345677,
  "password": 12345677
}
[2022-12-03 16:23:21,607][response_util.py20][INFO]:接口的返回内容>>>{"token": "eyJ0eXAiOiJKV1QiLCJhbGciOiJIUzI1NiJ9.eyJ1c2VyX2lkIjoxNjI3NTEsInVzZXJuYW1lIjoiMTc2MTIzNDU2NzciLCJleHAiOjE2NzA2NjA1ODgsImVtYWlsIjpudWxsfQ.xc4fDp0JE_w06gDs6HmZ7_YXyim7-5gdiLotxzY-Eus"}
[2022-12-03 16:23:21,608][mysql_util.py31][INFO]:执行sql：select id from trade_orderinfo where singer_mobile = 17612345677 order by add_time desc limit 1;
[2022-12-03 16:23:21,650][mysql_util.py35][INFO]:sql执行结果：{'id': 1659}
[2022-12-03 16:23:21,650][rest_client.py48][INFO]:接口请求的地址>>>http://admin.5istudy.online/orders/1659/
[2022-12-03 16:23:21,650][rest_client.py49][INFO]:接口请求的方法>>>DELETE
[2022-12-03 16:23:21,650][rest_client.py59][INFO]:接口请求的请求头参数>>>
{
  "Authorization": "JWT eyJ0eXAiOiJKV1QiLCJhbGciOiJIUzI1NiJ9.eyJ1c2VyX2lkIjoxNjI3NTEsInVzZXJuYW1lIjoiMTc2MTIzNDU2NzciLCJleHAiOjE2NzA2NjA1ODgsImVtYWlsIjpudWxsfQ.xc4fDp0JE_w06gDs6HmZ7_YXyim7-5gdiLotxzY-Eus"
}
[2022-12-03 16:23:21,769][response_util.py12][INFO]:接口的返回内容>>>
[2022-12-03 16:23:52,125][rest_client.py48][INFO]:接口请求的地址>>>http://admin.5istudy.online/login/
[2022-12-03 16:23:52,125][rest_client.py49][INFO]:接口请求的方法>>>POST
[2022-12-03 16:23:52,125][rest_client.py55][INFO]:接口请求的json参数>>>
{
  "username": 17612345677,
  "password": 12345677
}
[2022-12-03 16:23:52,350][response_util.py16][INFO]:接口的返回内容>>>{"token": "eyJ0eXAiOiJKV1QiLCJhbGciOiJIUzI1NiJ9.eyJ1c2VyX2lkIjoxNjI3NTEsInVzZXJuYW1lIjoiMTc2MTIzNDU2NzciLCJleHAiOjE2NzA2NjA2MTksImVtYWlsIjpudWxsfQ.Wf4nRBvytxBql4YpK7biXiqHHhERcKpgY28Yeb_Xcyg"}
[2022-12-03 16:23:52,352][rest_client.py48][INFO]:接口请求的地址>>>http://admin.5istudy.online/orders/
[2022-12-03 16:23:52,353][rest_client.py49][INFO]:接口请求的方法>>>GET
[2022-12-03 16:23:52,353][rest_client.py59][INFO]:接口请求的请求头参数>>>
{
  "Authorization": "JWT eyJ0eXAiOiJKV1QiLCJhbGciOiJIUzI1NiJ9.eyJ1c2VyX2lkIjoxNjI3NTEsInVzZXJuYW1lIjoiMTc2MTIzNDU2NzciLCJleHAiOjE2NzA2NjA2MTksImVtYWlsIjpudWxsfQ.Wf4nRBvytxBql4YpK7biXiqHHhERcKpgY28Yeb_Xcyg"
}
[2022-12-03 16:23:52,542][response_util.py16][INFO]:接口的返回内容>>>[{"id": 1660, "pay_status": "paying", "order_sn": "2022120316232216275165", "trade_no": null, "pay_time": null, "add_time": "2022-12-03 16:23:22", "alipay_url": "https://openapi.alipaydev.com/gateway.do?app_id=2016101500694258&biz_content=%7B%22subject%22%3A%222022120316232216275165%22%2C%22out_trade_no%22%3A%222022120316232216275165%22%2C%22total_amount%22%3A999.0%2C%22product_code%22%3A%22FAST_INSTANT_TRADE_PAY%22%7D&charset=utf-8&method=alipay.trade.page.pay&notify_url=http%3A%2F%2Fadmin.5istudy.online%2Falipay%2Freturn%2F&return_url=http%3A%2F%2Fadmin.5istudy.online%2Falipay%2Freturn%2F&sign_type=RSA2&timestamp=2022-12-03+16%3A23%3A39&version=1.0&sign=ir%2BPGayV2x3OgF8j5agyH6rSILGefBJtoUhPtzU20dgbNMt1DBFqtl0Qqg2ZEmJh8fxigEBlBPzhoGd9BsUVGSDplTpUtx4CevrKm5qnW84ddjf5EugBXdv2H5mZnDLvqszAa7dZg9rjklg0MZ10xO8Ics3uC6EttY74LmKE9iaEI3n6Y%2FgYHle7jdqU4zDIF7%2F3qGbbXnaZDTnWErT6VIWbVRU2wbV4YzF1xVIglZfgv6hO7LlzPEZaAUKLOEhXoTODZx2ov5BWpYzvPhJtqD%2FYy66tkGXQGT%2BOeBehU0KpfJIJ86mOoxEkN12RMV%2BAwEDtLonLPmf95zUWZPw1aw%3D%3D", "post_script": "1", "order_mount": 999.0, "address": "山西省太原市小店区海底路3号", "signer_name": "派大星", "singer_mobile": "17612345677"}]
[2022-12-03 16:23:52,543][mysql_util.py40][INFO]:执行sql：select * from trade_orderinfo where singer_mobile = 17612345677;
[2022-12-03 16:23:52,585][mysql_util.py44][INFO]:sql执行结果：[{'id': 1660, 'order_sn': '2022120316232216275165', 'trade_no': None, 'pay_status': 'paying', 'post_script': '1', 'order_mount': 999.0, 'pay_time': None, 'address': '山西省太原市小店区海底路3号', 'signer_name': '派大星', 'singer_mobile': '17612345677', 'add_time': datetime.datetime(2022, 12, 3, 16, 23, 22, 58207), 'user_id': 162751}]
[2022-12-03 16:23:55,078][rest_client.py48][INFO]:接口请求的地址>>>http://admin.5istudy.online/login/
[2022-12-03 16:23:55,079][rest_client.py49][INFO]:接口请求的方法>>>POST
[2022-12-03 16:23:55,079][rest_client.py55][INFO]:接口请求的json参数>>>
{
  "username": 17612345677,
  "password": 12345677
}
[2022-12-03 16:23:55,308][response_util.py16][INFO]:接口的返回内容>>>{"token": "eyJ0eXAiOiJKV1QiLCJhbGciOiJIUzI1NiJ9.eyJ1c2VyX2lkIjoxNjI3NTEsInVzZXJuYW1lIjoiMTc2MTIzNDU2NzciLCJleHAiOjE2NzA2NjA2MjIsImVtYWlsIjpudWxsfQ.7bHs8o041IXwkkkUkmBBTc1ByPi7DycMQ_l8YWwRbBo"}
[2022-12-03 16:23:55,309][mysql_util.py31][INFO]:执行sql：select id from trade_orderinfo where singer_mobile = 17612345677 order by add_time desc limit 1;
[2022-12-03 16:23:55,350][mysql_util.py35][INFO]:sql执行结果：{'id': 1660}
[2022-12-03 16:23:55,350][rest_client.py48][INFO]:接口请求的地址>>>http://admin.5istudy.online/orders/1660/
[2022-12-03 16:23:55,350][rest_client.py49][INFO]:接口请求的方法>>>DELETE
[2022-12-03 16:23:55,351][rest_client.py59][INFO]:接口请求的请求头参数>>>
{
  "Authorization": "JWT eyJ0eXAiOiJKV1QiLCJhbGciOiJIUzI1NiJ9.eyJ1c2VyX2lkIjoxNjI3NTEsInVzZXJuYW1lIjoiMTc2MTIzNDU2NzciLCJleHAiOjE2NzA2NjA2MjIsImVtYWlsIjpudWxsfQ.7bHs8o041IXwkkkUkmBBTc1ByPi7DycMQ_l8YWwRbBo"
}
[2022-12-03 16:23:56,468][response_util.py12][INFO]:接口的返回内容>>>
[2022-12-03 16:24:27,785][rest_client.py48][INFO]:接口请求的地址>>>http://admin.5istudy.online/login/
[2022-12-03 16:24:27,785][rest_client.py49][INFO]:接口请求的方法>>>POST
[2022-12-03 16:24:27,785][rest_client.py55][INFO]:接口请求的json参数>>>
{
  "username": 17612345677,
  "password": 12345677
}
[2022-12-03 16:24:28,097][response_util.py16][INFO]:接口的返回内容>>>{"token": "eyJ0eXAiOiJKV1QiLCJhbGciOiJIUzI1NiJ9.eyJ1c2VyX2lkIjoxNjI3NTEsInVzZXJuYW1lIjoiMTc2MTIzNDU2NzciLCJleHAiOjE2NzA2NjA2NTQsImVtYWlsIjpudWxsfQ._ZKWbPG7FfWRWkyS5BDkd5xb9QPtqwe0oTEnzuENRe0"}
[2022-12-03 16:24:28,098][rest_client.py48][INFO]:接口请求的地址>>>http://admin.5istudy.online/orders/
[2022-12-03 16:24:28,099][rest_client.py49][INFO]:接口请求的方法>>>GET
[2022-12-03 16:24:28,099][rest_client.py59][INFO]:接口请求的请求头参数>>>
{
  "Authorization": "JWT eyJ0eXAiOiJKV1QiLCJhbGciOiJIUzI1NiJ9.eyJ1c2VyX2lkIjoxNjI3NTEsInVzZXJuYW1lIjoiMTc2MTIzNDU2NzciLCJleHAiOjE2NzA2NjA2NTQsImVtYWlsIjpudWxsfQ._ZKWbPG7FfWRWkyS5BDkd5xb9QPtqwe0oTEnzuENRe0"
}
[2022-12-03 16:24:28,374][response_util.py16][INFO]:接口的返回内容>>>[{"id": 1661, "pay_status": "paying", "order_sn": "2022120316240716275121", "trade_no": null, "pay_time": null, "add_time": "2022-12-03 16:24:07", "alipay_url": "https://openapi.alipaydev.com/gateway.do?app_id=2016101500694258&biz_content=%7B%22subject%22%3A%222022120316240716275121%22%2C%22out_trade_no%22%3A%222022120316240716275121%22%2C%22total_amount%22%3A999.0%2C%22product_code%22%3A%22FAST_INSTANT_TRADE_PAY%22%7D&charset=utf-8&method=alipay.trade.page.pay&notify_url=http%3A%2F%2Fadmin.5istudy.online%2Falipay%2Freturn%2F&return_url=http%3A%2F%2Fadmin.5istudy.online%2Falipay%2Freturn%2F&sign_type=RSA2&timestamp=2022-12-03+16%3A24%3A15&version=1.0&sign=Q8SODPAYvRrIqYBNGgBl%2B0USLmpxa1cAr0PmjZ2me8FOrjxgtz3WmdLLoLwKzh7nft3Ifle9ZuRA1%2FH1m3xVWRNhTDw%2FMb%2BDv6L8FaubYmHei1cKvLoF1qIXuE59f8drix4h0iQkuG96i9TWQgYzI2%2BgHuaEGLLzHct%2BTpAcpO1FbpirDHXOJ8o6QcpTtDUwyDvB7A5JnQ43VebEMr325PnKcDqoSN46Ele7KKo3EkZn01fuP5CHjtdb5BN73z2mtSFKCmZ0poNvbuJEcXQhopd8s2JfQCgTCCBUIgFoX%2F8h9%2FJsHqtWYBD4lKHSEkJkJOqIl3%2B4FLjS49X%2BSSLuOg%3D%3D", "post_script": "1", "order_mount": 999.0, "address": "山西省太原市小店区海底路3号", "signer_name": "派大星", "singer_mobile": "17612345677"}]
[2022-12-03 16:24:28,374][mysql_util.py40][INFO]:执行sql：select * from trade_orderinfo where singer_mobile = 17612345677;
[2022-12-03 16:24:28,419][mysql_util.py44][INFO]:sql执行结果：[{'id': 1661, 'order_sn': '2022120316240716275121', 'trade_no': None, 'pay_status': 'paying', 'post_script': '1', 'order_mount': 999.0, 'pay_time': None, 'address': '山西省太原市小店区海底路3号', 'signer_name': '派大星', 'singer_mobile': '17612345677', 'add_time': datetime.datetime(2022, 12, 3, 16, 24, 7, 727747), 'user_id': 162751}]
[2022-12-03 16:24:31,340][rest_client.py48][INFO]:接口请求的地址>>>http://admin.5istudy.online/login/
[2022-12-03 16:24:31,340][rest_client.py49][INFO]:接口请求的方法>>>POST
[2022-12-03 16:24:31,340][rest_client.py55][INFO]:接口请求的json参数>>>
{
  "username": 17612345677,
  "password": 12345677
}
[2022-12-03 16:24:31,574][response_util.py16][INFO]:接口的返回内容>>>{"token": "eyJ0eXAiOiJKV1QiLCJhbGciOiJIUzI1NiJ9.eyJ1c2VyX2lkIjoxNjI3NTEsInVzZXJuYW1lIjoiMTc2MTIzNDU2NzciLCJleHAiOjE2NzA2NjA2NTgsImVtYWlsIjpudWxsfQ.9wE8_Di-THKkb2iQAJfBOFXSNtzM_lbE7PdFZdhxNTc"}
[2022-12-03 16:24:31,575][mysql_util.py31][INFO]:执行sql：select id from trade_orderinfo where singer_mobile = 17612345677 order by add_time desc limit 1;
[2022-12-03 16:24:31,616][mysql_util.py35][INFO]:sql执行结果：{'id': 1661}
[2022-12-03 16:24:31,616][rest_client.py48][INFO]:接口请求的地址>>>http://admin.5istudy.online/orders/1661/
[2022-12-03 16:24:31,616][rest_client.py49][INFO]:接口请求的方法>>>DELETE
[2022-12-03 16:24:31,616][rest_client.py59][INFO]:接口请求的请求头参数>>>
{
  "Authorization": "JWT eyJ0eXAiOiJKV1QiLCJhbGciOiJIUzI1NiJ9.eyJ1c2VyX2lkIjoxNjI3NTEsInVzZXJuYW1lIjoiMTc2MTIzNDU2NzciLCJleHAiOjE2NzA2NjA2NTgsImVtYWlsIjpudWxsfQ.9wE8_Di-THKkb2iQAJfBOFXSNtzM_lbE7PdFZdhxNTc"
}
[2022-12-03 16:24:31,727][response_util.py12][INFO]:接口的返回内容>>>
[2022-12-03 18:04:56,625][rest_client.py48][INFO]:接口请求的地址>>>http://admin.5istudy.online/login/
[2022-12-03 18:04:56,626][rest_client.py49][INFO]:接口请求的方法>>>POST
[2022-12-03 18:04:56,626][rest_client.py55][INFO]:接口请求的json参数>>>
{
  "username": 17612345677,
  "password": 12345677
}
[2022-12-03 18:04:56,890][response_util.py16][INFO]:接口的返回内容>>>{"token": "eyJ0eXAiOiJKV1QiLCJhbGciOiJIUzI1NiJ9.eyJ1c2VyX2lkIjoxNjI3NTEsInVzZXJuYW1lIjoiMTc2MTIzNDU2NzciLCJleHAiOjE2NzA2NjY2ODMsImVtYWlsIjpudWxsfQ.zXaCRy0LWc9STK0iIDTx-FutP1mq3uw7XCkLpGN0hEQ"}
[2022-12-03 18:04:56,897][rest_client.py48][INFO]:接口请求的地址>>>http://admin.5istudy.online/orders/
[2022-12-03 18:04:56,897][rest_client.py49][INFO]:接口请求的方法>>>GET
[2022-12-03 18:04:56,897][rest_client.py59][INFO]:接口请求的请求头参数>>>
{
  "Authorization": "JWT eyJ0eXAiOiJKV1QiLCJhbGciOiJIUzI1NiJ9.eyJ1c2VyX2lkIjoxNjI3NTEsInVzZXJuYW1lIjoiMTc2MTIzNDU2NzciLCJleHAiOjE2NzA2NjY2ODMsImVtYWlsIjpudWxsfQ.zXaCRy0LWc9STK0iIDTx-FutP1mq3uw7XCkLpGN0hEQ"
}
[2022-12-03 18:04:57,002][response_util.py16][INFO]:接口的返回内容>>>[]
[2022-12-03 18:04:57,002][mysql_util.py40][INFO]:执行sql：select * from trade_orderinfo where singer_mobile = 17612345677;
[2022-12-03 18:04:57,050][mysql_util.py44][INFO]:sql执行结果：()
[2022-12-03 21:40:59,894][mysql_util.py50][INFO]:执行sql：delete from users_userprofile where mobile = '17612345678';
[2022-12-03 21:41:00,029][conftest.py25][INFO]:sql执行结果：None
[2022-12-03 21:41:00,029][rest_client.py48][INFO]:接口请求的地址>>>http://admin.5istudy.online/code/
[2022-12-03 21:41:00,029][rest_client.py49][INFO]:接口请求的方法>>>POST
[2022-12-03 21:41:00,029][rest_client.py55][INFO]:接口请求的json参数>>>
{
  "mobile": 17612345678
}
[2022-12-03 21:41:00,209][response_util.py16][INFO]:接口的返回内容>>>{"mobile": "17612345678"}
[2022-12-03 21:41:00,209][mysql_util.py31][INFO]:执行sql：select code from users_verifycode where mobile = '17612345678' order by add_time desc limit 1;
[2022-12-03 21:41:00,250][mysql_util.py35][INFO]:sql执行结果：{'code': '5191'}
[2022-12-03 21:41:00,250][conftest.py10][INFO]:sql执行结果：{'code': '5191'}
[2022-12-03 21:41:00,250][rest_client.py48][INFO]:接口请求的地址>>>http://admin.5istudy.online/users/
[2022-12-03 21:41:00,250][rest_client.py49][INFO]:接口请求的方法>>>POST
[2022-12-03 21:41:00,251][rest_client.py55][INFO]:接口请求的json参数>>>
{
  "code": "5191",
  "password": "12345678",
  "username": "17612345678"
}
[2022-12-03 21:41:00,428][response_util.py16][INFO]:接口的返回内容>>>{"username": "17612345678", "mobile": "17612345678", "token": "eyJ0eXAiOiJKV1QiLCJhbGciOiJIUzI1NiJ9.eyJ1c2VyX2lkIjoxNjI3NzgsInVzZXJuYW1lIjoiMTc2MTIzNDU2NzgiLCJleHAiOjE2NzA2Nzk2NDcsImVtYWlsIjpudWxsfQ.TxHAhI77e18IgPyTnvungnx45mxjx-4KvGJYVmo451E", "name": "17612345678"}
[2022-12-03 21:41:00,429][mysql_util.py50][INFO]:执行sql：delete from users_userprofile where mobile = '17612345678';
[2022-12-03 21:41:00,552][conftest.py18][INFO]:sql执行结果：None
[2022-12-03 21:48:11,427][rest_client.py48][INFO]:接口请求的地址>>>http://admin.5istudy.online/login/
[2022-12-03 21:48:11,436][rest_client.py49][INFO]:接口请求的方法>>>POST
[2022-12-03 21:48:11,436][rest_client.py55][INFO]:接口请求的json参数>>>
{
  "username": 17612345677,
  "password": 12345677
}
[2022-12-03 21:48:11,703][response_util.py16][INFO]:接口的返回内容>>>{"token": "eyJ0eXAiOiJKV1QiLCJhbGciOiJIUzI1NiJ9.eyJ1c2VyX2lkIjoxNjI3NTEsInVzZXJuYW1lIjoiMTc2MTIzNDU2NzciLCJleHAiOjE2NzA2ODAwNzgsImVtYWlsIjpudWxsfQ.ESOFmA9DdaHAtOd1xYeyGtpdACIGkAhU7XWb5eBke_U"}
[2022-12-03 21:48:11,731][rest_client.py48][INFO]:接口请求的地址>>>http://admin.5istudy.online/orders/
[2022-12-03 21:48:11,731][rest_client.py49][INFO]:接口请求的方法>>>GET
[2022-12-03 21:48:11,732][rest_client.py59][INFO]:接口请求的请求头参数>>>
{
  "Authorization": "JWT eyJ0eXAiOiJKV1QiLCJhbGciOiJIUzI1NiJ9.eyJ1c2VyX2lkIjoxNjI3NTEsInVzZXJuYW1lIjoiMTc2MTIzNDU2NzciLCJleHAiOjE2NzA2ODAwNzgsImVtYWlsIjpudWxsfQ.ESOFmA9DdaHAtOd1xYeyGtpdACIGkAhU7XWb5eBke_U"
}
[2022-12-03 21:48:11,843][response_util.py16][INFO]:接口的返回内容>>>[]
[2022-12-03 21:48:11,843][mysql_util.py40][INFO]:执行sql：select * from trade_orderinfo where singer_mobile = 17612345677;
[2022-12-03 21:48:11,883][mysql_util.py44][INFO]:sql执行结果：()
